<?xml version="1.0" encoding="UTF-8"?>
<!-- Generated by org.testng.reporters.JUnitXMLReporter -->
<testsuite ignored="2" hostname="Khaled" failures="0" tests="2" name="Default test" time="5.402" errors="0" timestamp="2024-09-20T16:41:41 EEST">
  <testcase classname="tests.UserCanPurchaseProduct" name="UserCanLoginSuccessfully" time="1.453"/>
  <testcase classname="tests.UserCanPurchaseProduct" name="UserCanAddProductToShoppingCart" time="3.894"/>
  <testcase classname="tests.SetUpDriver" name="@BeforeSuite setup" time="0.0">
    <ignored/>
  </testcase> <!-- @BeforeSuite setup -->
  <testcase classname="tests.SetUpDriver" name="@AfterSuite stopDriver" time="0.0">
    <ignored/>
  </testcase> <!-- @AfterSuite stopDriver -->
</testsuite> <!-- Default test -->
