<?xml version="1.0" encoding="UTF-8"?>
<testng-results ignored="0" total="2" passed="2" failed="0" skipped="0">
  <reporter-output>
  </reporter-output>
  <suite started-at="2024-09-20T16:41:36 EEST" name="Default suite" finished-at="2024-09-20T16:41:41 EEST" duration-ms="5402">
    <groups>
    </groups>
    <test started-at="2024-09-20T16:41:36 EEST" name="Default test" finished-at="2024-09-20T16:41:41 EEST" duration-ms="5402">
      <class name="tests.UserCanPurchaseProduct">
        <test-method is-config="true" signature="setup()[pri:0, instance:tests.UserCanPurchaseProduct@394df057]" started-at="2024-09-20T16:41:32 EEST" name="setup" finished-at="2024-09-20T16:41:36 EEST" duration-ms="4333" status="PASS">
          <reporter-output>
          </reporter-output>
        </test-method> <!-- setup -->
        <test-method signature="UserCanLoginSuccessfully()[pri:1, instance:tests.UserCanPurchaseProduct@394df057]" started-at="2024-09-20T16:41:36 EEST" name="UserCanLoginSuccessfully" finished-at="2024-09-20T16:41:37 EEST" duration-ms="1453" status="PASS">
          <reporter-output>
          </reporter-output>
        </test-method> <!-- UserCanLoginSuccessfully -->
        <test-method is-config="true" signature="screenshotOnFailure(org.testng.ITestResult)[pri:0, instance:tests.UserCanPurchaseProduct@394df057]" started-at="2024-09-20T16:41:37 EEST" name="screenshotOnFailure" finished-at="2024-09-20T16:41:37 EEST" duration-ms="2" status="PASS">
          <params>
            <param index="0">
              <value>
                <![CDATA[[TestResult name=UserCanLoginSuccessfully status=SUCCESS method=UserCanPurchaseProduct.UserCanLoginSuccessfully()[pri:1, instance:tests.UserCanPurchaseProduct@394df057] output={null}]]]>
              </value>
            </param>
          </params>
          <reporter-output>
          </reporter-output>
        </test-method> <!-- screenshotOnFailure -->
        <test-method signature="UserCanAddProductToShoppingCart()[pri:2, instance:tests.UserCanPurchaseProduct@394df057]" started-at="2024-09-20T16:41:37 EEST" name="UserCanAddProductToShoppingCart" finished-at="2024-09-20T16:41:41 EEST" duration-ms="3894" status="PASS">
          <reporter-output>
          </reporter-output>
        </test-method> <!-- UserCanAddProductToShoppingCart -->
        <test-method is-config="true" signature="screenshotOnFailure(org.testng.ITestResult)[pri:0, instance:tests.UserCanPurchaseProduct@394df057]" started-at="2024-09-20T16:41:41 EEST" name="screenshotOnFailure" finished-at="2024-09-20T16:41:41 EEST" duration-ms="0" status="PASS">
          <params>
            <param index="0">
              <value>
                <![CDATA[[TestResult name=UserCanAddProductToShoppingCart status=SUCCESS method=UserCanPurchaseProduct.UserCanAddProductToShoppingCart()[pri:2, instance:tests.UserCanPurchaseProduct@394df057] output={null}]]]>
              </value>
            </param>
          </params>
          <reporter-output>
          </reporter-output>
        </test-method> <!-- screenshotOnFailure -->
        <test-method is-config="true" signature="stopDriver()[pri:0, instance:tests.UserCanPurchaseProduct@394df057]" started-at="2024-09-20T16:41:41 EEST" name="stopDriver" finished-at="2024-09-20T16:41:42 EEST" duration-ms="267" status="PASS">
          <reporter-output>
          </reporter-output>
        </test-method> <!-- stopDriver -->
      </class> <!-- tests.UserCanPurchaseProduct -->
    </test> <!-- Default test -->
  </suite> <!-- Default suite -->
</testng-results>
